<?xml version="1.0" encoding="UTF-8"?>
<!-- Generated by org.testng.reporters.JUnitReportReporter -->
<testsuite skipped="0" hostname="DESKTOP-SIU2A5U" name="com.cjc.MTLoginCheck2" tests="2" failures="0" timestamp="2023-07-31T19:57:28 IST" time="6.338" errors="0">
  <testcase name="alogincheck1" time="2.709" classname="com.cjc.MTLoginCheck2"/>
  <testcase name="alogincheck" time="3.629" classname="com.cjc.MTLoginCheck2"/>
</testsuite> <!-- com.cjc.MTLoginCheck2 -->
