<?xml version="1.0" encoding="UTF-8"?>
<!-- Generated by org.testng.reporters.JUnitReportReporter -->
<testsuite skipped="0" hostname="DESKTOP-SIU2A5U" name="com.cjc.mt.Demo" tests="2" failures="0" timestamp="2023-07-31T19:57:28 IST" time="0.018" errors="0">
  <testcase name="m1" time="0.010" classname="com.cjc.mt.Demo"/>
  <testcase name="f" time="0.008" classname="com.cjc.mt.Demo"/>
</testsuite> <!-- com.cjc.mt.Demo -->
