<?xml version="1.0" encoding="UTF-8"?>
<!-- Generated by org.testng.reporters.JUnitReportReporter -->
<testsuite skipped="0" hostname="DESKTOP-SIU2A5U" name="com.cjc.mt.MTLoginCheck" tests="2" failures="0" timestamp="2023-07-31T19:57:28 IST" time="6.713" errors="0">
  <testcase name="alogincheck1" time="2.696" classname="com.cjc.mt.MTLoginCheck"/>
  <testcase name="alogincheck" time="4.017" classname="com.cjc.mt.MTLoginCheck"/>
</testsuite> <!-- com.cjc.mt.MTLoginCheck -->
