<?xml version="1.0" encoding="UTF-8"?>
<!-- Generated by org.testng.reporters.JUnitReportReporter -->
<testsuite skipped="0" hostname="DESKTOP-SIU2A5U" name="com.cjc.mt.MTLoginCheck2" tests="2" failures="0" timestamp="2023-07-31T19:57:28 IST" time="7.116" errors="0">
  <testcase name="alogincheck" time="4.528" classname="com.cjc.mt.MTLoginCheck2"/>
  <testcase name="alogincheck1" time="2.588" classname="com.cjc.mt.MTLoginCheck2"/>
</testsuite> <!-- com.cjc.mt.MTLoginCheck2 -->
