<?xml version="1.0" encoding="UTF-8"?>
<!-- Generated by org.testng.reporters.JUnitReportReporter -->
<testsuite skipped="0" hostname="DESKTOP-SIU2A5U" name="com.cjc.DemoPriority" tests="4" failures="0" timestamp="2023-07-31T19:57:28 IST" time="0.028" errors="0">
  <testcase name="multi" time="0.009" classname="com.cjc.DemoPriority"/>
  <testcase name="div" time="0.006" classname="com.cjc.DemoPriority"/>
  <testcase name="add" time="0.002" classname="com.cjc.DemoPriority"/>
  <testcase name="sub" time="0.011" classname="com.cjc.DemoPriority"/>
</testsuite> <!-- com.cjc.DemoPriority -->
